<?xml version="1.0" encoding="UTF-8"?>
<testng-results ignored="0" total="4" passed="4" failed="0" skipped="0">
  <reporter-output>
  </reporter-output>
  <suite started-at="2025-11-28T00:09:08 IST" name="Default suite" finished-at="2025-11-28T00:09:43 IST" duration-ms="35247">
    <groups>
      <group name="cucumber">
        <method signature="AbstractTestNGCucumberTests.runScenario(io.cucumber.testng.PickleWrapper,io.cucumber.testng.FeatureWrapper)[pri:0, instance:com.saucedemo.ui.runner.RunnerTest@7ae0a9ec]" name="runScenario" class="io.cucumber.testng.AbstractTestNGCucumberTests"/>
      </group> <!-- cucumber -->
    </groups>
    <test started-at="2025-11-28T00:09:08 IST" name="Default test" finished-at="2025-11-28T00:09:43 IST" duration-ms="35247">
      <class name="com.saucedemo.ui.runner.RunnerTest">
        <test-method is-config="true" signature="setUpClass(org.testng.ITestContext)[pri:0, instance:com.saucedemo.ui.runner.RunnerTest@7ae0a9ec]" started-at="2025-11-28T00:09:08 IST" name="setUpClass" finished-at="2025-11-28T00:09:09 IST" duration-ms="504" status="PASS">
          <params>
            <param index="0">
              <value>
                <![CDATA[org.testng.TestRunner@53bb71e5]]>
              </value>
            </param>
          </params>
          <reporter-output>
          </reporter-output>
        </test-method> <!-- setUpClass -->
        <test-method signature="runScenario(io.cucumber.testng.PickleWrapper,io.cucumber.testng.FeatureWrapper)[pri:0, instance:com.saucedemo.ui.runner.RunnerTest@7ae0a9ec]" started-at="2025-11-28T00:09:09 IST" name="runScenario" description="Runs Cucumber Scenarios" data-provider="scenarios" finished-at="2025-11-28T00:09:21 IST" duration-ms="12313" status="PASS">
          <params>
            <param index="0">
              <value>
                <![CDATA["validate Login Funcationality"]]>
              </value>
            </param>
            <param index="1">
              <value>
                <![CDATA["Test sauceDemo application"]]>
              </value>
            </param>
          </params>
          <reporter-output>
          </reporter-output>
        </test-method> <!-- runScenario -->
        <test-method signature="runScenario(io.cucumber.testng.PickleWrapper,io.cucumber.testng.FeatureWrapper)[pri:0, instance:com.saucedemo.ui.runner.RunnerTest@7ae0a9ec]" started-at="2025-11-28T00:09:21 IST" name="runScenario" description="Runs Cucumber Scenarios" data-provider="scenarios" finished-at="2025-11-28T00:09:28 IST" duration-ms="7392" status="PASS">
          <params>
            <param index="0">
              <value>
                <![CDATA["validate product add to cart funcationality"]]>
              </value>
            </param>
            <param index="1">
              <value>
                <![CDATA["Test sauceDemo application"]]>
              </value>
            </param>
          </params>
          <reporter-output>
          </reporter-output>
        </test-method> <!-- runScenario -->
        <test-method signature="runScenario(io.cucumber.testng.PickleWrapper,io.cucumber.testng.FeatureWrapper)[pri:0, instance:com.saucedemo.ui.runner.RunnerTest@7ae0a9ec]" started-at="2025-11-28T00:09:28 IST" name="runScenario" description="Runs Cucumber Scenarios" data-provider="scenarios" finished-at="2025-11-28T00:09:29 IST" duration-ms="1074" status="PASS">
          <params>
            <param index="0">
              <value>
                <![CDATA["validate checkout information funcationality"]]>
              </value>
            </param>
            <param index="1">
              <value>
                <![CDATA["Test sauceDemo application"]]>
              </value>
            </param>
          </params>
          <reporter-output>
          </reporter-output>
        </test-method> <!-- runScenario -->
        <test-method signature="runScenario(io.cucumber.testng.PickleWrapper,io.cucumber.testng.FeatureWrapper)[pri:0, instance:com.saucedemo.ui.runner.RunnerTest@7ae0a9ec]" started-at="2025-11-28T00:09:29 IST" name="runScenario" description="Runs Cucumber Scenarios" data-provider="scenarios" finished-at="2025-11-28T00:09:30 IST" duration-ms="1018" status="PASS">
          <params>
            <param index="0">
              <value>
                <![CDATA["validate checkoutOverview"]]>
              </value>
            </param>
            <param index="1">
              <value>
                <![CDATA["Test sauceDemo application"]]>
              </value>
            </param>
          </params>
          <reporter-output>
          </reporter-output>
        </test-method> <!-- runScenario -->
        <test-method is-config="true" signature="tearDownClass()[pri:0, instance:com.saucedemo.ui.runner.RunnerTest@7ae0a9ec]" started-at="2025-11-28T00:09:30 IST" name="tearDownClass" finished-at="2025-11-28T00:09:43 IST" duration-ms="12880" status="PASS">
          <reporter-output>
          </reporter-output>
        </test-method> <!-- tearDownClass -->
      </class> <!-- com.saucedemo.ui.runner.RunnerTest -->
    </test> <!-- Default test -->
  </suite> <!-- Default suite -->
</testng-results>
