<?xml version="1.0" encoding="UTF-8"?>
<testng-results ignored="0" total="4" passed="4" failed="0" skipped="0">
  <reporter-output>
  </reporter-output>
  <suite started-at="2025-06-03T22:00:00 IST" name="Default suite" finished-at="2025-06-03T22:00:22 IST" duration-ms="22122">
    <groups>
      <group name="cucumber">
        <method signature="AbstractTestNGCucumberTests.runScenario(io.cucumber.testng.PickleWrapper,io.cucumber.testng.FeatureWrapper)[pri:0, instance:com.saucedemo.ui.runner.RunnerTest@43c1b556]" name="runScenario" class="io.cucumber.testng.AbstractTestNGCucumberTests"/>
      </group> <!-- cucumber -->
    </groups>
    <test started-at="2025-06-03T22:00:00 IST" name="Default test" finished-at="2025-06-03T22:00:22 IST" duration-ms="22122">
      <class name="com.saucedemo.ui.runner.RunnerTest">
        <test-method is-config="true" signature="setUpClass(org.testng.ITestContext)[pri:0, instance:com.saucedemo.ui.runner.RunnerTest@43c1b556]" started-at="2025-06-03T22:00:00 IST" name="setUpClass" finished-at="2025-06-03T22:00:00 IST" duration-ms="349" status="PASS">
          <params>
            <param index="0">
              <value>
                <![CDATA[org.testng.TestRunner@341c6ac2]]>
              </value>
            </param>
          </params>
          <reporter-output>
          </reporter-output>
        </test-method> <!-- setUpClass -->
        <test-method signature="runScenario(io.cucumber.testng.PickleWrapper,io.cucumber.testng.FeatureWrapper)[pri:0, instance:com.saucedemo.ui.runner.RunnerTest@43c1b556]" started-at="2025-06-03T22:00:00 IST" name="runScenario" description="Runs Cucumber Scenarios" data-provider="scenarios" finished-at="2025-06-03T22:00:09 IST" duration-ms="9344" status="PASS">
          <params>
            <param index="0">
              <value>
                <![CDATA["validate Login Funcationality"]]>
              </value>
            </param>
            <param index="1">
              <value>
                <![CDATA["Test sauceDemo application"]]>
              </value>
            </param>
          </params>
          <reporter-output>
          </reporter-output>
        </test-method> <!-- runScenario -->
        <test-method signature="runScenario(io.cucumber.testng.PickleWrapper,io.cucumber.testng.FeatureWrapper)[pri:0, instance:com.saucedemo.ui.runner.RunnerTest@43c1b556]" started-at="2025-06-03T22:00:09 IST" name="runScenario" description="Runs Cucumber Scenarios" data-provider="scenarios" finished-at="2025-06-03T22:00:16 IST" duration-ms="6253" status="PASS">
          <params>
            <param index="0">
              <value>
                <![CDATA["validate product add to cart funcationality"]]>
              </value>
            </param>
            <param index="1">
              <value>
                <![CDATA["Test sauceDemo application"]]>
              </value>
            </param>
          </params>
          <reporter-output>
          </reporter-output>
        </test-method> <!-- runScenario -->
        <test-method signature="runScenario(io.cucumber.testng.PickleWrapper,io.cucumber.testng.FeatureWrapper)[pri:0, instance:com.saucedemo.ui.runner.RunnerTest@43c1b556]" started-at="2025-06-03T22:00:16 IST" name="runScenario" description="Runs Cucumber Scenarios" data-provider="scenarios" finished-at="2025-06-03T22:00:16 IST" duration-ms="587" status="PASS">
          <params>
            <param index="0">
              <value>
                <![CDATA["validate checkout information funcationality"]]>
              </value>
            </param>
            <param index="1">
              <value>
                <![CDATA["Test sauceDemo application"]]>
              </value>
            </param>
          </params>
          <reporter-output>
          </reporter-output>
        </test-method> <!-- runScenario -->
        <test-method signature="runScenario(io.cucumber.testng.PickleWrapper,io.cucumber.testng.FeatureWrapper)[pri:0, instance:com.saucedemo.ui.runner.RunnerTest@43c1b556]" started-at="2025-06-03T22:00:16 IST" name="runScenario" description="Runs Cucumber Scenarios" data-provider="scenarios" finished-at="2025-06-03T22:00:17 IST" duration-ms="533" status="PASS">
          <params>
            <param index="0">
              <value>
                <![CDATA["validate checkoutOverview"]]>
              </value>
            </param>
            <param index="1">
              <value>
                <![CDATA["Test sauceDemo application"]]>
              </value>
            </param>
          </params>
          <reporter-output>
          </reporter-output>
        </test-method> <!-- runScenario -->
        <test-method is-config="true" signature="tearDownClass()[pri:0, instance:com.saucedemo.ui.runner.RunnerTest@43c1b556]" started-at="2025-06-03T22:00:17 IST" name="tearDownClass" finished-at="2025-06-03T22:00:22 IST" duration-ms="5014" status="PASS">
          <reporter-output>
          </reporter-output>
        </test-method> <!-- tearDownClass -->
      </class> <!-- com.saucedemo.ui.runner.RunnerTest -->
    </test> <!-- Default test -->
  </suite> <!-- Default suite -->
</testng-results>
