<?xml version="1.0" encoding="UTF-8"?>
<!-- Generated by org.testng.reporters.JUnitReportReporter -->
<testsuite hostname="Lenovo" failures="0" tests="4" name="com.saucedemo.ui.runner.RunnerTest" time="16.717" errors="0" timestamp="2025-06-03T22:00:22 IST" skipped="0">
  <testcase classname="com.saucedemo.ui.runner.RunnerTest" name="runScenario" time="0.587"/>
  <testcase classname="com.saucedemo.ui.runner.RunnerTest" name="runScenario" time="6.253"/>
  <testcase classname="com.saucedemo.ui.runner.RunnerTest" name="runScenario" time="0.533"/>
  <testcase classname="com.saucedemo.ui.runner.RunnerTest" name="runScenario" time="9.344"/>
</testsuite> <!-- com.saucedemo.ui.runner.RunnerTest -->
