<?xml version="1.0" encoding="UTF-8"?>
<!-- Generated by org.testng.reporters.JUnitReportReporter -->
<testsuite hostname="DESKTOP-IJMBLR8" failures="0" tests="4" name="com.saucedemo.ui.runner.RunnerTest" time="21.797" errors="0" timestamp="2025-11-28T00:09:44 IST" skipped="0">
  <testcase classname="com.saucedemo.ui.runner.RunnerTest" name="runScenario" time="7.392"/>
  <testcase classname="com.saucedemo.ui.runner.RunnerTest" name="runScenario" time="1.074"/>
  <testcase classname="com.saucedemo.ui.runner.RunnerTest" name="runScenario" time="12.313"/>
  <testcase classname="com.saucedemo.ui.runner.RunnerTest" name="runScenario" time="1.018"/>
</testsuite> <!-- com.saucedemo.ui.runner.RunnerTest -->
